<?xml version="1.0" encoding="UTF-8"?>
<!-- Generated by org.testng.reporters.JUnitReportReporter -->
<testsuite skipped="0" hostname="lenovo-PC" name="mvn.DemoA" tests="1" failures="0" timestamp="26 Feb 2019 06:32:11 GMT" time="18.272" errors="0">
  <testcase name="testA" time="18.272" classname="mvn.DemoA"/>
</testsuite> <!-- mvn.DemoA -->
